<?xml version="1.0" encoding="UTF-8"?>
<Site BuildName="Linux-g++"
	BuildStamp="20240111-2201-Experimental"
	Name="Ubuntu2023"
	Generator="ctest-3.22.1"
	CompilerName="/usr/bin/g++"
	CompilerVersion="11.4.0"
	OSName="Linux"
	Hostname="Ubuntu2023"
	OSRelease="6.5.0-14-generic"
	OSVersion="#14~22.04.1-Ubuntu SMP PREEMPT_DYNAMIC Mon Nov 20 18:15:30 UTC 2"
	OSPlatform="x86_64"
	Is64Bits="1"
	VendorString="GenuineIntel"
	VendorID="Intel Corporation"
	FamilyID="6"
	ModelID="158"
	ProcessorCacheSize="9216"
	NumberOfLogicalCPU="6"
	NumberOfPhysicalCPU="6"
	TotalVirtualMemory="2679"
	TotalPhysicalMemory="12528"
	LogicalProcessorsPerPhysical="1"
	ProcessorClockFrequency="2208"
	>
	<Testing>
		<StartDateTime>Jan 11 23:16 GMT</StartDateTime>
		<StartTestTime>1705014971</StartTestTime>
		<TestList/>
		<EndDateTime>Jan 11 23:16 GMT</EndDateTime>
		<EndTestTime>1705014971</EndTestTime>
		<ElapsedMinutes>0</ElapsedMinutes>
	</Testing>
</Site>
