<?xml version="1.0" encoding="UTF-8"?>
<Site BuildName="Linux-g++"
	BuildStamp="20231228-0042-Experimental"
	Name="Ubuntu2023"
	Generator="ctest-3.22.1"
	CompilerName="/usr/bin/g++"
	CompilerVersion="11.4.0"
	OSName="Linux"
	Hostname="Ubuntu2023"
	OSRelease="6.2.0-39-generic"
	OSVersion="#40~22.04.1-Ubuntu SMP PREEMPT_DYNAMIC Thu Nov 16 10:53:04 UTC 2"
	OSPlatform="x86_64"
	Is64Bits="1"
	VendorString="GenuineIntel"
	VendorID="Intel Corporation"
	FamilyID="6"
	ModelID="158"
	ProcessorCacheSize="9216"
	NumberOfLogicalCPU="6"
	NumberOfPhysicalCPU="6"
	TotalVirtualMemory="2679"
	TotalPhysicalMemory="11861"
	LogicalProcessorsPerPhysical="1"
	ProcessorClockFrequency="2208"
	>
	<Testing>
		<StartDateTime>Dec 28 21:16 GMT</StartDateTime>
		<StartTestTime>1703798207</StartTestTime>
		<TestList/>
		<EndDateTime>Dec 28 21:16 GMT</EndDateTime>
		<EndTestTime>1703798207</EndTestTime>
		<ElapsedMinutes>0</ElapsedMinutes>
	</Testing>
</Site>
